  Main.cpp
  The contents of <filesystem> are available only with C++17 or later.
C:\Users\Estelle\Documents\GitHub\Reload\计21级03班3121004736李思贤\源文件\IndexTree\TypeSupport.h(91,25): warning C4244: “+=”: 从“double”转换到“int”，可能丢失数据
C:\Users\Estelle\Documents\GitHub\Reload\计21级03班3121004736李思贤\源文件\IndexTree\TypeSupport.h(96,26): warning C4244: “+=”: 从“double”转换到“int”，可能丢失数据
C:\Users\Estelle\Documents\GitHub\Reload\计21级03班3121004736李思贤\源文件\IndexTree\TypeSupport.h(101,24): warning C4244: “+=”: 从“double”转换到“int”，可能丢失数据
C:\Users\Estelle\Documents\GitHub\Reload\计21级03班3121004736李思贤\源文件\IndexTree\TypeSupport.h(162,25): warning C4244: “+=”: 从“double”转换到“int”，可能丢失数据
C:\Users\Estelle\Documents\GitHub\Reload\计21级03班3121004736李思贤\源文件\IndexTree\TypeSupport.h(167,26): warning C4244: “+=”: 从“double”转换到“int”，可能丢失数据
C:\Users\Estelle\Documents\GitHub\Reload\计21级03班3121004736李思贤\源文件\IndexTree\TypeSupport.h(172,24): warning C4244: “+=”: 从“double”转换到“int”，可能丢失数据
C:\Users\Estelle\Documents\GitHub\Reload\计21级03班3121004736李思贤\源文件\IndexTree\Struct.h(19,18): warning C4099: “Date”: 类型名称以前使用“class”现在使用的是“struct”
C:\Users\Estelle\Documents\GitHub\Reload\计21级03班3121004736李思贤\源文件\IndexTree\TypeSupport.h(72): message : 参见“Date”的声明
C:\Users\Estelle\Documents\GitHub\Reload\计21级03班3121004736李思贤\源文件\IndexTree\Filter.h(46,21): warning C4018: “<”: 有符号/无符号不匹配
C:\Users\Estelle\Documents\GitHub\Reload\计21级03班3121004736李思贤\源文件\IndexTree\File.h(229,13): warning C4018: “<”: 有符号/无符号不匹配
C:\Users\Estelle\Documents\GitHub\Reload\计21级03班3121004736李思贤\源文件\IndexTree\File.h(209): message : 在编译 类 模板 成员函数“Line<unsigned long> &fmanage<User>::FileTraversal_i(void)”时
C:\Users\Estelle\Documents\GitHub\Reload\计21级03班3121004736李思贤\源文件\IndexTree\IndexManage.h(46): message : 查看对正在编译的函数 模板 实例化“Line<unsigned long> &fmanage<User>::FileTraversal_i(void)”的引用
C:\Users\Estelle\Documents\GitHub\Reload\计21级03班3121004736李思贤\源文件\IndexTree\DataManage.h(8): message : 查看对正在编译的 类 模板 实例化“fmanage<User>”的引用
C:\Users\Estelle\Documents\GitHub\Reload\计21级03班3121004736李思贤\源文件\IndexTree\File.h(241,13): warning C4018: “<”: 有符号/无符号不匹配
  VisualTree.cpp
C:\Users\Estelle\Documents\GitHub\Reload\计21级03班3121004736李思贤\源文件\IndexTree\VisualTree.cpp(19,13): warning C4244: “初始化”: 从“double”转换到“int”，可能丢失数据
  控制台.cpp
C:\Users\Estelle\Documents\GitHub\Reload\计21级03班3121004736李思贤\源文件\IndexTree\控制台.cpp(14,16): warning C4838: 从“int”转换到“SHORT”需要收缩转换
C:\Users\Estelle\Documents\GitHub\Reload\计21级03班3121004736李思贤\源文件\IndexTree\控制台.cpp(14,19): warning C4838: 从“int”转换到“SHORT”需要收缩转换
C:\Users\Estelle\Documents\GitHub\Reload\计21级03班3121004736李思贤\源文件\IndexTree\控制台.cpp(24,19): warning C4838: 从“int”转换到“SHORT”需要收缩转换
C:\Users\Estelle\Documents\GitHub\Reload\计21级03班3121004736李思贤\源文件\IndexTree\控制台.cpp(24,24): warning C4838: 从“int”转换到“SHORT”需要收缩转换
  正在生成代码
C:\Users\Estelle\Documents\GitHub\Reload\计21级03班3121004736李思贤\源文件\IndexTree\Support.h(391): warning C4715: “DilitarySearch_range<unsigned long>”: 不是所有的控件路径都返回值
C:\Users\Estelle\Documents\GitHub\Reload\计21级03班3121004736李思贤\源文件\IndexTree\Support.h(425): warning C4715: “DilitarySearch_SecondOrder_down<unsigned long,unsigned long>”: 不是所有的控件路径都返回值
C:\Users\Estelle\Documents\GitHub\Reload\计21级03班3121004736李思贤\源文件\IndexTree\Index_s.h(52): warning C4172: 返回局部变量或临时变量的地址: Node
C:\Users\Estelle\Documents\GitHub\Reload\计21级03班3121004736李思贤\源文件\IndexTree\Index_s.h(58): warning C4172: 返回局部变量或临时变量的地址: Node
  495 of 504 functions (98.2%) were compiled, the rest were copied from previous compilation.
    28 functions were new in current compilation
    2 functions had inline decision re-evaluated but remain unchanged
  已完成代码的生成
  IndexTree.vcxproj -> C:\Users\Estelle\Documents\GitHub\Reload\计21级03班3121004736李思贤\源文件\x64\Release\Server.exe
